<?xml version="1.0" encoding="UTF-8"?>
<testsuite xmlns:xsi="http://www.w3.org/2001/XMLSchema-instance" xsi:noNamespaceSchemaLocation="https://maven.apache.org/surefire/maven-surefire-plugin/xsd/surefire-test-report.xsd" version="3.0.2" name="com.selfProject.rate_limiter.Controller.TestControllerTest" time="11.16" tests="2" errors="0" skipped="0" failures="0" flakes="0">
  <properties>
[...]
</properties>
  <testcase name="returns200_whenServiceAllows" classname="com.selfProject.rate_limiter.Controller.TestControllerTest" time="0.892">
    <system-out><![CDATA[21:46:54.494 [main] INFO org.springframework.test.context.support.AnnotationConfigContextLoaderUtils -- Could not detect default configuration classes for test class [com.selfProject.rate_limiter.Controller.TestControllerTest]: TestControllerTest does not declare any static, non-private, non-final, nested classes annotated with @Configuration.
21:46:54.979 [main] INFO org.springframework.boot.test.context.SpringBootTestContextBootstrapper -- Found @SpringBootConfiguration com.selfProject.rate_limiter.RateLimiterApplication for test class com.selfProject.rate_limiter.Controller.TestControllerTest
21:46:54.990 [main] INFO org.springframework.test.context.support.AnnotationConfigContextLoaderUtils -- Could not detect default configuration classes for test class [com.selfProject.rate_limiter.Controller.TestControllerTest]: TestControllerTest does not declare any static, non-private, non-final, nested classes annotated with @Configuration.
21:46:55.022 [main] INFO org.springframework.boot.test.context.SpringBootTestContextBootstrapper -- Found @SpringBootConfiguration com.selfProject.rate_limiter.RateLimiterApplication for test class com.selfProject.rate_limiter.Controller.TestControllerTest

  .   ____          _            __ _ _
 /\\ / ___'_ __ _ _(_)_ __  __ _ \ \ \ \
( ( )\___ | '_ | '_| | '_ \/ _` | \ \ \ \
 \\/  ___)| |_)| | | | | || (_| |  ) ) ) )
  '  |____| .__|_| |_|_| |_\__, | / / / /
 =========|_|==============|___/=/_/_/_/

 :: Spring Boot ::                (v4.0.6)

2026-05-14T21:46:56.478+05:30  INFO 23136 --- [rate-limiter] [           main] c.s.r.Controller.TestControllerTest      : Starting TestControllerTest using Java 17.0.12 with PID 23136 (started by yuvra in C:\Users\yuvra\Downloads\rate-limiter\rate-limiter)
2026-05-14T21:46:56.482+05:30  INFO 23136 --- [rate-limiter] [           main] c.s.r.Controller.TestControllerTest      : No active profile set, falling back to 1 default profile: "default"
2026-05-14T21:47:03.579+05:30  INFO 23136 --- [rate-limiter] [           main] o.s.b.t.m.w.SpringBootMockServletContext : Initializing Spring TestDispatcherServlet ''
2026-05-14T21:47:03.581+05:30  INFO 23136 --- [rate-limiter] [           main] o.s.t.web.servlet.TestDispatcherServlet  : Initializing Servlet ''
2026-05-14T21:47:03.597+05:30  INFO 23136 --- [rate-limiter] [           main] o.s.t.web.servlet.TestDispatcherServlet  : Completed initialization in 9 ms
2026-05-14T21:47:03.752+05:30  INFO 23136 --- [rate-limiter] [           main] c.s.r.Controller.TestControllerTest      : Started TestControllerTest in 8.382 seconds (process running for 12.245)
]]></system-out>
  </testcase>
  <testcase name="returns429_whenServiceBlocks" classname="com.selfProject.rate_limiter.Controller.TestControllerTest" time="0.07"/>
</testsuite>