<?xml version="1.0" encoding="UTF-8"?>
<testsuite xmlns:xsi="http://www.w3.org/2001/XMLSchema-instance" xsi:noNamespaceSchemaLocation="https://maven.apache.org/surefire/maven-surefire-plugin/xsd/surefire-test-report.xsd" version="3.0.2" name="com.selfProject.rate_limiter.RateLimiterApplicationTests" time="4.694" tests="1" errors="0" skipped="0" failures="0" flakes="0">
  <properties>
[...]
</properties>
  <testcase name="contextLoads" classname="com.selfProject.rate_limiter.RateLimiterApplicationTests" time="0.007">
    <system-out><![CDATA[2026-05-25T21:19:25.874+05:30  INFO 20196 --- [rate-limiter] [           main] t.c.s.AnnotationConfigContextLoaderUtils : Could not detect default configuration classes for test class [com.selfProject.rate_limiter.RateLimiterApplicationTests]: RateLimiterApplicationTests does not declare any static, non-private, non-final, nested classes annotated with @Configuration.
2026-05-25T21:19:25.894+05:30  INFO 20196 --- [rate-limiter] [           main] .b.t.c.SpringBootTestContextBootstrapper : Found @SpringBootConfiguration com.selfProject.rate_limiter.RateLimiterApplication for test class com.selfProject.rate_limiter.RateLimiterApplicationTests
2026-05-25T21:19:25.905+05:30  INFO 20196 --- [rate-limiter] [           main] t.c.s.AnnotationConfigContextLoaderUtils : Could not detect default configuration classes for test class [com.selfProject.rate_limiter.RateLimiterApplicationTests]: RateLimiterApplicationTests does not declare any static, non-private, non-final, nested classes annotated with @Configuration.
2026-05-25T21:19:25.908+05:30  INFO 20196 --- [rate-limiter] [           main] .b.t.c.SpringBootTestContextBootstrapper : Found @SpringBootConfiguration com.selfProject.rate_limiter.RateLimiterApplication for test class com.selfProject.rate_limiter.RateLimiterApplicationTests

  .   ____          _            __ _ _
 /\\ / ___'_ __ _ _(_)_ __  __ _ \ \ \ \
( ( )\___ | '_ | '_| | '_ \/ _` | \ \ \ \
 \\/  ___)| |_)| | | | | || (_| |  ) ) ) )
  '  |____| .__|_| |_|_| |_\__, | / / / /
 =========|_|==============|___/=/_/_/_/

 :: Spring Boot ::                (v4.0.6)

2026-05-25T21:19:26.033+05:30  INFO 20196 --- [rate-limiter] [           main] c.s.r.RateLimiterApplicationTests        : Starting RateLimiterApplicationTests using Java 21.0.10 with PID 20196 (started by yuvra in C:\Users\yuvra\Downloads\rate-limiter\rate-limiter)
2026-05-25T21:19:26.033+05:30  INFO 20196 --- [rate-limiter] [           main] c.s.r.RateLimiterApplicationTests        : No active profile set, falling back to 1 default profile: "default"
2026-05-25T21:19:27.175+05:30  INFO 20196 --- [rate-limiter] [           main] .s.d.r.c.RepositoryConfigurationDelegate : Multiple Spring Data modules found, entering strict repository configuration mode
2026-05-25T21:19:27.184+05:30  INFO 20196 --- [rate-limiter] [           main] .s.d.r.c.RepositoryConfigurationDelegate : Bootstrapping Spring Data Redis repositories in DEFAULT mode.
2026-05-25T21:19:27.262+05:30  INFO 20196 --- [rate-limiter] [           main] .s.d.r.c.RepositoryConfigurationDelegate : Finished Spring Data repository scanning in 21 ms. Found 0 Redis repository interfaces.
2026-05-25T21:19:30.230+05:30  INFO 20196 --- [rate-limiter] [           main] o.s.b.a.e.web.EndpointLinksResolver      : Exposing 2 endpoints beneath base path '/actuator'
2026-05-25T21:19:30.350+05:30  INFO 20196 --- [rate-limiter] [           main] c.s.r.RateLimiterApplicationTests        : Started RateLimiterApplicationTests in 4.422 seconds (process running for 13.016)
]]></system-out>
  </testcase>
</testsuite>