<?xml version="1.0" encoding="UTF-8"?>
<testsuite xmlns:xsi="http://www.w3.org/2001/XMLSchema-instance" xsi:noNamespaceSchemaLocation="https://maven.apache.org/surefire/maven-surefire-plugin/xsd/surefire-test-report.xsd" version="3.0.2" name="com.selfProject.rate_limiter.Controller.ApiControllerTest" time="7.095" tests="2" errors="0" skipped="0" failures="0" flakes="0">
  <properties>
[...]
</properties>
  <testcase name="returns429_withRetryAfter_whenServiceBlocks" classname="com.selfProject.rate_limiter.Controller.ApiControllerTest" time="0.463">
    <system-out><![CDATA[21:19:19.268 [main] INFO org.springframework.test.context.support.AnnotationConfigContextLoaderUtils -- Could not detect default configuration classes for test class [com.selfProject.rate_limiter.Controller.ApiControllerTest]: ApiControllerTest does not declare any static, non-private, non-final, nested classes annotated with @Configuration.
21:19:19.534 [main] INFO org.springframework.boot.test.context.SpringBootTestContextBootstrapper -- Found @SpringBootConfiguration com.selfProject.rate_limiter.RateLimiterApplication for test class com.selfProject.rate_limiter.Controller.ApiControllerTest
21:19:19.538 [main] INFO org.springframework.test.context.support.AnnotationConfigContextLoaderUtils -- Could not detect default configuration classes for test class [com.selfProject.rate_limiter.Controller.ApiControllerTest]: ApiControllerTest does not declare any static, non-private, non-final, nested classes annotated with @Configuration.
21:19:19.557 [main] INFO org.springframework.boot.test.context.SpringBootTestContextBootstrapper -- Found @SpringBootConfiguration com.selfProject.rate_limiter.RateLimiterApplication for test class com.selfProject.rate_limiter.Controller.ApiControllerTest

  .   ____          _            __ _ _
 /\\ / ___'_ __ _ _(_)_ __  __ _ \ \ \ \
( ( )\___ | '_ | '_| | '_ \/ _` | \ \ \ \
 \\/  ___)| |_)| | | | | || (_| |  ) ) ) )
  '  |____| .__|_| |_|_| |_\__, | / / / /
 =========|_|==============|___/=/_/_/_/

 :: Spring Boot ::                (v4.0.6)

2026-05-25T21:19:20.362+05:30  INFO 20196 --- [rate-limiter] [           main] c.s.r.Controller.ApiControllerTest       : Starting ApiControllerTest using Java 21.0.10 with PID 20196 (started by yuvra in C:\Users\yuvra\Downloads\rate-limiter\rate-limiter)
2026-05-25T21:19:20.364+05:30  INFO 20196 --- [rate-limiter] [           main] c.s.r.Controller.ApiControllerTest       : No active profile set, falling back to 1 default profile: "default"
2026-05-25T21:19:25.233+05:30  INFO 20196 --- [rate-limiter] [           main] o.s.b.t.m.w.SpringBootMockServletContext : Initializing Spring TestDispatcherServlet ''
2026-05-25T21:19:25.234+05:30  INFO 20196 --- [rate-limiter] [           main] o.s.t.web.servlet.TestDispatcherServlet  : Initializing Servlet ''
2026-05-25T21:19:25.244+05:30  INFO 20196 --- [rate-limiter] [           main] o.s.t.web.servlet.TestDispatcherServlet  : Completed initialization in 7 ms
2026-05-25T21:19:25.326+05:30  INFO 20196 --- [rate-limiter] [           main] c.s.r.Controller.ApiControllerTest       : Started ApiControllerTest in 5.666 seconds (process running for 7.993)
]]></system-out>
    <system-err><![CDATA[Mockito is currently self-attaching to enable the inline-mock-maker. This will no longer work in future releases of the JDK. Please add Mockito as an agent to your build as described in Mockito's documentation: https://javadoc.io/doc/org.mockito/mockito-core/latest/org.mockito/org/mockito/Mockito.html#0.3
WARNING: A Java agent has been loaded dynamically (C:\Users\yuvra\.m2\repository\net\bytebuddy\byte-buddy-agent\1.17.8\byte-buddy-agent-1.17.8.jar)
WARNING: If a serviceability tool is in use, please run with -XX:+EnableDynamicAgentLoading to hide this warning
WARNING: If a serviceability tool is not in use, please run with -Djdk.instrument.traceUsage for more information
WARNING: Dynamic loading of agents will be disallowed by default in a future release
]]></system-err>
  </testcase>
  <testcase name="returns200_whenServiceAllows" classname="com.selfProject.rate_limiter.Controller.ApiControllerTest" time="0.013"/>
</testsuite>